[debug] [2022-03-09T12:36:22.285Z] ----------------------------------------------------------------------
[debug] [2022-03-09T12:36:22.288Z] Command:       /usr/local/bin/node /usr/local/bin/firebase init
[debug] [2022-03-09T12:36:22.289Z] CLI Version:   10.2.1
[debug] [2022-03-09T12:36:22.289Z] Platform:      darwin
[debug] [2022-03-09T12:36:22.289Z] Node Version:  v16.14.0
[debug] [2022-03-09T12:36:22.291Z] Time:          Wed Mar 09 2022 18:06:22 GMT+0530 (India Standard Time)
[debug] [2022-03-09T12:36:22.292Z] ----------------------------------------------------------------------
[debug] 
[debug] [2022-03-09T12:36:22.304Z] > command requires scopes: ["email","openid","https://www.googleapis.com/auth/cloudplatformprojects.readonly","https://www.googleapis.com/auth/firebase","https://www.googleapis.com/auth/cloud-platform"]
[debug] [2022-03-09T12:36:22.304Z] > authorizing via signed-in user (raghavsharma775@gmail.com)
[info] 
     ######## #### ########  ######## ########     ###     ######  ########
     ##        ##  ##     ## ##       ##     ##  ##   ##  ##       ##
     ######    ##  ########  ######   ########  #########  ######  ######
     ##        ##  ##    ##  ##       ##     ## ##     ##       ## ##
     ##       #### ##     ## ######## ########  ##     ##  ######  ########

You're about to initialize a Firebase project in this directory:

  /Users/mac/Downloads/My Files/Project/Freely

[info] 
=== Project Setup
[info] 
[info] First, let's associate this project directory with a Firebase project.
[info] You can create multiple project aliases by running firebase use --add, 
[info] but for now we'll just set up a default project.
[info] 
[debug] [2022-03-09T12:36:43.898Z] >>> [apiv2][query] GET https://firebase.googleapis.com/v1beta1/projects pageSize=100
[debug] [2022-03-09T12:36:44.956Z] <<< [apiv2][status] GET https://firebase.googleapis.com/v1beta1/projects 200
[debug] [2022-03-09T12:36:44.956Z] <<< [apiv2][body] GET https://firebase.googleapis.com/v1beta1/projects [omitted]
[info] i  Using project freely-925d3 (Freely) 
[info] 
=== Hosting Setup
[info] 
[info] Your public directory is the folder (relative to your project directory) that
[info] will contain Hosting assets to be uploaded with firebase deploy. If you
[info] have a build process for your assets, use your build's output directory.
[info] 
[debug] [2022-03-09T12:40:24.659Z] >>> [apiv2][query] GET https://www.gstatic.com/firebasejs/releases.json [none]
[debug] [2022-03-09T12:40:24.921Z] <<< [apiv2][status] GET https://www.gstatic.com/firebasejs/releases.json 200
[debug] [2022-03-09T12:40:24.922Z] <<< [apiv2][body] GET https://www.gstatic.com/firebasejs/releases.json {"current":{"version":"9.6.8","browserURL":"https://www.gstatic.com/firebasejs/9.6.8/firebase.js","packageURL":"https://www.gstatic.com/firebasejs/9.6.8/firebase.tgz"},"live":{"version":"9.6","browserURL":"https://www.gstatic.com/firebasejs/live/9.6/firebase.js","packageURL":"https://www.gstatic.com/firebasejs/live/9.6/firebase.tgz"},"components":{"analytics":"https://www.gstatic.com/firebasejs/9.6.8/firebase-analytics.js","app":"https://www.gstatic.com/firebasejs/9.6.8/firebase-app.js","app-check":"https://www.gstatic.com/firebasejs/9.6.8/firebase-app-check.js","auth":"https://www.gstatic.com/firebasejs/9.6.8/firebase-auth.js","auth/cordova":"https://www.gstatic.com/firebasejs/9.6.8/firebase-auth/cordova.js","auth/react-native":"https://www.gstatic.com/firebasejs/9.6.8/firebase-auth/react-native.js","functions":"https://www.gstatic.com/firebasejs/9.6.8/firebase-functions.js","firestore":"https://www.gstatic.com/firebasejs/9.6.8/firebase-firestore.js","firestore/lite":"https://www.gstatic.com/firebasejs/9.6.8/firebase-firestore/lite.js","storage":"https://www.gstatic.com/firebasejs/9.6.8/firebase-storage.js","performance":"https://www.gstatic.com/firebasejs/9.6.8/firebase-performance.js","remote-config":"https://www.gstatic.com/firebasejs/9.6.8/firebase-remote-config.js","messaging":"https://www.gstatic.com/firebasejs/9.6.8/firebase-messaging.js","messaging/sw":"https://www.gstatic.com/firebasejs/9.6.8/firebase-messaging/sw.js","database":"https://www.gstatic.com/firebasejs/9.6.8/firebase-database.js","firestore.memory":"https://www.gstatic.com/firebasejs/9.6.8/firebase-firestore.memory.js"}}
[info] ✔  Wrote build/index.html 
[info] 
[info] i  Detected a .git folder at /Users/mac/Downloads/My Files/Project/Freely 
[info] i  Authorizing with GitHub to upload your service account to a GitHub repository's secrets store. 
[info] 
[info] Visit this URL on this device to log in:
[info] https://github.com/login/oauth/authorize?client_id=89cf50f02ac6aaed3484&state=991865879&redirect_uri=http%3A%2F%2Flocalhost%3A9005&scope=read%3Auser%20repo%20public_repo
[info] 
[info] Waiting for authentication...
[debug] [2022-03-09T12:40:47.937Z] >>> HTTP REQUEST POST https://github.com/login/oauth/access_token  
 {"client_id":"89cf50f02ac6aaed3484","client_secret":"3330d14abc895d9a74d5f17cd7a00711fa2c5bf0","code":"27e03d9e0cae9a0f0bba","redirect_uri":"http://localhost:9005","state":"991865879"}
[debug] [2022-03-09T12:40:48.482Z] <<< HTTP RESPONSE 200 {"server":"GitHub.com","date":"Wed, 09 Mar 2022 12:40:47 GMT","content-type":"application/json; charset=utf-8","transfer-encoding":"chunked","vary":"X-PJAX, X-PJAX-Container, Accept-Encoding, Accept, X-Requested-With","permissions-policy":"interest-cohort=()","etag":"W/\"8b81a9d740088d7cdcb28773e8c63ca3\"","cache-control":"max-age=0, private, must-revalidate","strict-transport-security":"max-age=31536000; includeSubdomains; preload","x-frame-options":"deny","x-content-type-options":"nosniff","x-xss-protection":"0","referrer-policy":"origin-when-cross-origin, strict-origin-when-cross-origin","expect-ct":"max-age=2592000, report-uri=\"https://api.github.com/_private/browser/errors\"","content-security-policy":"default-src 'none'; base-uri 'self'; block-all-mixed-content; child-src github.com/assets-cdn/worker/ gist.github.com/assets-cdn/worker/; connect-src 'self' uploads.github.com objects-origin.githubusercontent.com www.githubstatus.com collector.githubapp.com collector.github.com api.github.com github-cloud.s3.amazonaws.com github-production-repository-file-5c1aeb.s3.amazonaws.com github-production-upload-manifest-file-7fdce7.s3.amazonaws.com github-production-user-asset-6210df.s3.amazonaws.com cdn.optimizely.com logx.optimizely.com/v1/events translator.github.com wss://alive.github.com; font-src github.githubassets.com; form-action 'self' github.com gist.github.com objects-origin.githubusercontent.com; frame-ancestors 'none'; frame-src render.githubusercontent.com viewscreen.githubusercontent.com notebooks.githubusercontent.com; img-src 'self' data: github.githubassets.com identicons.github.com collector.githubapp.com collector.github.com github-cloud.s3.amazonaws.com secured-user-images.githubusercontent.com/ *.githubusercontent.com; manifest-src 'self'; media-src github.com user-images.githubusercontent.com/; script-src github.githubassets.com; style-src 'unsafe-inline' github.githubassets.com; worker-src github.com/assets-cdn/worker/ gist.github.com/assets-cdn/worker/","x-github-request-id":"D84B:2AB3:EDAF06:1424913:6228A04F"}
[debug] [2022-03-09T12:40:48.511Z] >>> [apiv2][query] GET https://api.github.com/user [none]
[debug] [2022-03-09T12:40:49.169Z] <<< [apiv2][status] GET https://api.github.com/user 200
[debug] [2022-03-09T12:40:49.169Z] <<< [apiv2][body] GET https://api.github.com/user {"login":"raghavsharma775","id":25392470,"node_id":"MDQ6VXNlcjI1MzkyNDcw","avatar_url":"https://avatars.githubusercontent.com/u/25392470?v=4","gravatar_id":"","url":"https://api.github.com/users/raghavsharma775","html_url":"https://github.com/raghavsharma775","followers_url":"https://api.github.com/users/raghavsharma775/followers","following_url":"https://api.github.com/users/raghavsharma775/following{/other_user}","gists_url":"https://api.github.com/users/raghavsharma775/gists{/gist_id}","starred_url":"https://api.github.com/users/raghavsharma775/starred{/owner}{/repo}","subscriptions_url":"https://api.github.com/users/raghavsharma775/subscriptions","organizations_url":"https://api.github.com/users/raghavsharma775/orgs","repos_url":"https://api.github.com/users/raghavsharma775/repos","events_url":"https://api.github.com/users/raghavsharma775/events{/privacy}","received_events_url":"https://api.github.com/users/raghavsharma775/received_events","type":"User","site_admin":false,"name":null,"company":null,"blog":"","location":null,"email":"raghavsharma775@gmail.com","hireable":true,"bio":null,"twitter_username":null,"public_repos":9,"public_gists":0,"followers":1,"following":1,"created_at":"2017-01-27T18:58:55Z","updated_at":"2022-03-04T09:46:04Z","private_gists":0,"total_private_repos":0,"owned_private_repos":0,"disk_usage":32544,"collaborators":0,"two_factor_authentication":false,"plan":{"name":"free","space":976562499,"collaborators":0,"private_repos":10000}}
[info] 
[info] ✔  Success! Logged into GitHub as raghavsharma775 
[info] 
[debug] [2022-03-09T12:41:14.714Z] >>> [apiv2][query] GET https://api.github.com/repos/repository/actions/secrets/public-key type=owner
[debug] [2022-03-09T12:41:15.291Z] <<< [apiv2][status] GET https://api.github.com/repos/repository/actions/secrets/public-key 404
[debug] [2022-03-09T12:41:15.291Z] <<< [apiv2][body] GET https://api.github.com/repos/repository/actions/secrets/public-key {"message":"Not Found","documentation_url":"https://docs.github.com/rest"}
[debug] [2022-03-09T12:41:20.018Z] >>> [apiv2][query] GET https://api.github.com/repos/repository/actions/secrets/public-key type=owner
[debug] [2022-03-09T12:41:20.512Z] <<< [apiv2][status] GET https://api.github.com/repos/repository/actions/secrets/public-key 404
[debug] [2022-03-09T12:41:20.512Z] <<< [apiv2][body] GET https://api.github.com/repos/repository/actions/secrets/public-key {"message":"Not Found","documentation_url":"https://docs.github.com/rest"}
[debug] [2022-03-09T12:41:22.330Z] >>> [apiv2][query] GET https://api.github.com/repos/repository/actions/secrets/public-key type=owner
[debug] [2022-03-09T12:41:25.871Z] <<< [apiv2][status] GET https://api.github.com/repos/repository/actions/secrets/public-key 404
[debug] [2022-03-09T12:41:25.871Z] <<< [apiv2][body] GET https://api.github.com/repos/repository/actions/secrets/public-key {"message":"Not Found","documentation_url":"https://docs.github.com/rest"}
